<?xml version="1.0" encoding="UTF-8"?>
<testsuite name="com.darkhold.darkholdapi.DarkholdapiApplicationTests" tests="1" skipped="0" failures="0" errors="0" timestamp="2021-07-11T04:52:27" hostname="Thainas-MacBook-Pro.local" time="0.474">
  <properties/>
  <testcase name="contextLoads()" classname="com.darkhold.darkholdapi.DarkholdapiApplicationTests" time="0.474"/>
  <system-out><![CDATA[01:52:23.611 [Test worker] DEBUG org.springframework.test.context.BootstrapUtils - Instantiating CacheAwareContextLoaderDelegate from class [org.springframework.test.context.cache.DefaultCacheAwareContextLoaderDelegate]
01:52:23.633 [Test worker] DEBUG org.springframework.test.context.BootstrapUtils - Instantiating BootstrapContext using constructor [public org.springframework.test.context.support.DefaultBootstrapContext(java.lang.Class,org.springframework.test.context.CacheAwareContextLoaderDelegate)]
01:52:23.721 [Test worker] DEBUG org.springframework.test.context.BootstrapUtils - Instantiating TestContextBootstrapper for test class [com.darkhold.darkholdapi.DarkholdapiApplicationTests] from class [org.springframework.boot.test.context.SpringBootTestContextBootstrapper]
01:52:23.743 [Test worker] INFO org.springframework.boot.test.context.SpringBootTestContextBootstrapper - Neither @ContextConfiguration nor @ContextHierarchy found for test class [com.darkhold.darkholdapi.DarkholdapiApplicationTests], using SpringBootContextLoader
01:52:23.749 [Test worker] DEBUG org.springframework.test.context.support.AbstractContextLoader - Did not detect default resource location for test class [com.darkhold.darkholdapi.DarkholdapiApplicationTests]: class path resource [com/darkhold/darkholdapi/DarkholdapiApplicationTests-context.xml] does not exist
01:52:23.750 [Test worker] DEBUG org.springframework.test.context.support.AbstractContextLoader - Did not detect default resource location for test class [com.darkhold.darkholdapi.DarkholdapiApplicationTests]: class path resource [com/darkhold/darkholdapi/DarkholdapiApplicationTestsContext.groovy] does not exist
01:52:23.751 [Test worker] INFO org.springframework.test.context.support.AbstractContextLoader - Could not detect default resource locations for test class [com.darkhold.darkholdapi.DarkholdapiApplicationTests]: no resource found for suffixes {-context.xml, Context.groovy}.
01:52:23.752 [Test worker] INFO org.springframework.test.context.support.AnnotationConfigContextLoaderUtils - Could not detect default configuration classes for test class [com.darkhold.darkholdapi.DarkholdapiApplicationTests]: DarkholdapiApplicationTests does not declare any static, non-private, non-final, nested classes annotated with @Configuration.
01:52:23.834 [Test worker] DEBUG org.springframework.test.context.support.ActiveProfilesUtils - Could not find an 'annotation declaring class' for annotation type [org.springframework.test.context.ActiveProfiles] and class [com.darkhold.darkholdapi.DarkholdapiApplicationTests]
01:52:23.939 [Test worker] DEBUG org.springframework.context.annotation.ClassPathScanningCandidateComponentProvider - Identified candidate component class: file [/Users/thainarodrigues/Documents/Intellij Workspace/darkholdapi/build/classes/kotlin/main/com/darkhold/darkholdapi/DarkholdapiApplication.class]
01:52:23.942 [Test worker] INFO org.springframework.boot.test.context.SpringBootTestContextBootstrapper - Found @SpringBootConfiguration com.darkhold.darkholdapi.DarkholdapiApplication for test class com.darkhold.darkholdapi.DarkholdapiApplicationTests
01:52:24.044 [Test worker] DEBUG org.springframework.boot.test.context.SpringBootTestContextBootstrapper - @TestExecutionListeners is not present for class [com.darkhold.darkholdapi.DarkholdapiApplicationTests]: using defaults.
01:52:24.044 [Test worker] INFO org.springframework.boot.test.context.SpringBootTestContextBootstrapper - Loaded default TestExecutionListener class names from location [META-INF/spring.factories]: [org.springframework.boot.test.autoconfigure.restdocs.RestDocsTestExecutionListener, org.springframework.boot.test.autoconfigure.web.client.MockRestServiceServerResetTestExecutionListener, org.springframework.boot.test.autoconfigure.web.servlet.MockMvcPrintOnlyOnFailureTestExecutionListener, org.springframework.boot.test.autoconfigure.web.servlet.WebDriverTestExecutionListener, org.springframework.boot.test.autoconfigure.webservices.client.MockWebServiceServerTestExecutionListener, org.springframework.boot.test.mock.mockito.MockitoTestExecutionListener, org.springframework.boot.test.mock.mockito.ResetMocksTestExecutionListener, org.springframework.test.context.web.ServletTestExecutionListener, org.springframework.test.context.support.DirtiesContextBeforeModesTestExecutionListener, org.springframework.test.context.event.ApplicationEventsTestExecutionListener, org.springframework.test.context.support.DependencyInjectionTestExecutionListener, org.springframework.test.context.support.DirtiesContextTestExecutionListener, org.springframework.test.context.transaction.TransactionalTestExecutionListener, org.springframework.test.context.jdbc.SqlScriptsTestExecutionListener, org.springframework.test.context.event.EventPublishingTestExecutionListener]
01:52:24.056 [Test worker] DEBUG org.springframework.boot.test.context.SpringBootTestContextBootstrapper - Skipping candidate TestExecutionListener [org.springframework.test.context.transaction.TransactionalTestExecutionListener] due to a missing dependency. Specify custom listener classes or make the default listener classes and their required dependencies available. Offending class: [org/springframework/transaction/interceptor/TransactionAttributeSource]
01:52:24.056 [Test worker] DEBUG org.springframework.boot.test.context.SpringBootTestContextBootstrapper - Skipping candidate TestExecutionListener [org.springframework.test.context.jdbc.SqlScriptsTestExecutionListener] due to a missing dependency. Specify custom listener classes or make the default listener classes and their required dependencies available. Offending class: [org/springframework/transaction/interceptor/TransactionAttribute]
01:52:24.056 [Test worker] INFO org.springframework.boot.test.context.SpringBootTestContextBootstrapper - Using TestExecutionListeners: [org.springframework.test.context.web.ServletTestExecutionListener@4c84d502, org.springframework.test.context.support.DirtiesContextBeforeModesTestExecutionListener@24564b4e, org.springframework.test.context.event.ApplicationEventsTestExecutionListener@6a8768c3, org.springframework.boot.test.mock.mockito.MockitoTestExecutionListener@7ad281e5, org.springframework.boot.test.autoconfigure.SpringBootDependencyInjectionTestExecutionListener@10146778, org.springframework.test.context.support.DirtiesContextTestExecutionListener@60e420f, org.springframework.test.context.event.EventPublishingTestExecutionListener@579ee37d, org.springframework.boot.test.autoconfigure.restdocs.RestDocsTestExecutionListener@39ad8dc2, org.springframework.boot.test.autoconfigure.web.client.MockRestServiceServerResetTestExecutionListener@ab10228, org.springframework.boot.test.autoconfigure.web.servlet.MockMvcPrintOnlyOnFailureTestExecutionListener@7e5b274b, org.springframework.boot.test.autoconfigure.web.servlet.WebDriverTestExecutionListener@5efeb6f6, org.springframework.boot.test.autoconfigure.webservices.client.MockWebServiceServerTestExecutionListener@b68f376, org.springframework.boot.test.mock.mockito.ResetMocksTestExecutionListener@94a0071]
01:52:24.064 [Test worker] DEBUG org.springframework.test.context.support.AbstractDirtiesContextTestExecutionListener - Before test class: context [DefaultTestContext@799b30b9 testClass = DarkholdapiApplicationTests, testInstance = [null], testMethod = [null], testException = [null], mergedContextConfiguration = [WebMergedContextConfiguration@8517c9c testClass = DarkholdapiApplicationTests, locations = '{}', classes = '{class com.darkhold.darkholdapi.DarkholdapiApplication}', contextInitializerClasses = '[]', activeProfiles = '{}', propertySourceLocations = '{}', propertySourceProperties = '{org.springframework.boot.test.context.SpringBootTestContextBootstrapper=true}', contextCustomizers = set[org.springframework.boot.test.autoconfigure.actuate.metrics.MetricsExportContextCustomizerFactory$DisableMetricExportContextCustomizer@433c0018, org.springframework.boot.test.autoconfigure.properties.PropertyMappingContextCustomizer@0, org.springframework.boot.test.autoconfigure.web.servlet.WebDriverContextCustomizerFactory$Customizer@386843c, org.springframework.boot.test.context.filter.ExcludeFilterContextCustomizer@2f9470fa, org.springframework.boot.test.json.DuplicateJsonObjectContextCustomizerFactory$DuplicateJsonObjectContextCustomizer@543fb529, org.springframework.boot.test.mock.mockito.MockitoContextCustomizer@0, org.springframework.boot.test.web.client.TestRestTemplateContextCustomizer@3f438c62, org.springframework.boot.test.context.SpringBootTestArgs@1, org.springframework.boot.test.context.SpringBootTestWebEnvironment@717eb374], resourceBasePath = 'src/main/webapp', contextLoader = 'org.springframework.boot.test.context.SpringBootContextLoader', parent = [null]], attributes = map['org.springframework.test.context.web.ServletTestExecutionListener.activateListener' -> true]], class annotated with @DirtiesContext [false] with mode [null].
01:52:24.132 [Test worker] DEBUG org.springframework.test.context.support.TestPropertySourceUtils - Adding inlined properties to environment: {spring.jmx.enabled=false, org.springframework.boot.test.context.SpringBootTestContextBootstrapper=true}

  .   ____          _            __ _ _
 /\\ / ___'_ __ _ _(_)_ __  __ _ \ \ \ \
( ( )\___ | '_ | '_| | '_ \/ _` | \ \ \ \
 \\/  ___)| |_)| | | | | || (_| |  ) ) ) )
  '  |____| .__|_| |_|_| |_\__, | / / / /
 =========|_|==============|___/=/_/_/_/
 :: Spring Boot ::                (v2.5.2)

2021-07-11 01:52:24.591  INFO 20258 --- [    Test worker] c.d.d.DarkholdapiApplicationTests        : Starting DarkholdapiApplicationTests using Java 16 on Thainas-MacBook-Pro.local with PID 20258 (started by thainarodrigues in /Users/thainarodrigues/Documents/Intellij Workspace/darkholdapi)
2021-07-11 01:52:24.603  INFO 20258 --- [    Test worker] c.d.d.DarkholdapiApplicationTests        : No active profile set, falling back to default profiles: default
2021-07-11 01:52:27.502  INFO 20258 --- [    Test worker] c.d.d.DarkholdapiApplicationTests        : Started DarkholdapiApplicationTests in 3.336 seconds (JVM running for 5.497)
]]></system-out>
  <system-err><![CDATA[]]></system-err>
</testsuite>
